1827.1 1501.0 206.1 120.0 820.0 732.1 87.9 1487.5
1827.1 1463.8 243.0 120.3 820.0 732.1 87.9 1450.4
1827.1 1427.5 278.9 120.6 820.0 732.1 87.9 1414.3
1827.1 1390.1 316.0 120.9 820.0 732.1 87.9 1377.1
1827.1 1351.8 353.6 121.7 820.0 732.1 87.9 1339.2
1827.1 1314.8 390.4 121.8 820.0 732.1 87.9 1302.2
1827.1 1278.5 426.7 121.8 820.0 732.1 87.9 1265.9
1827.1 1241.1 464.0 121.9 820.0 732.1 87.9 1228.6
1827.1 1191.5 513.3 122.2 820.0 732.1 87.9 1179.2
1827.1 1131.3 573.2 122.5 820.0 732.1 87.9 1119.1
1827.1 1069.6 634.5 122.9 820.0 732.1 87.9 1057.6
1827.1 1007.1 696.7 123.2 820.0 732.1 87.9 995.2
1827.1 948.3 755.5 123.3 820.0 732.1 87.9 936.4
1827.1 888.4 814.8 123.9 820.0 732.1 87.9 876.8
1827.1 828.9 874.1 124.0 820.0 732.1 87.9 817.4
1827.1 773.9 929.1 124.1 820.0 732.1 87.9 762.5
1827.1 714.6 988.1 124.4 820.0 732.1 87.9 703.2
1827.1 658.0 1040.7 128.3 820.0 732.1 87.9 648.6
1827.1 599.2 1099.3 128.5 820.0 732.1 87.9 590.0
1827.1 540.1 1158.2 128.7 820.0 732.1 87.9 531.0
1827.1 485.8 1212.4 128.9 820.0 732.1 87.9 476.8
1827.1 426.2 1271.8 129.1 820.0 732.1 87.9 417.2
1827.1 361.7 1336.2 129.2 820.0 732.1 87.9 352.8
1827.1 297.1 1400.2 129.7 820.0 732.1 87.9 288.5
1827.1 236.8 1460.0 130.3 820.0 732.3 87.7 228.4
1827.1 171.8 1524.9 130.3 820.0 732.3 87.7 163.5
1827.1 108.6 1588.2 130.3 820.0 732.3 87.7 100.2
1827.1 69.0 1623.4 134.7 820.0 732.4 87.6 62.8
1827.1 64.3 1732.3 30.4 820.0 727.3 92.7 6.5
1827.1 68.5 1713.7 44.8 820.0 501.3 318.7 17.9
1827.1 71.8 1707.4 47.9 820.0 424.3 395.7 22.8
1827.1 73.6 1706.0 47.5 820.0 348.3 471.7 24.4
1827.1 81.6 1699.8 45.7 820.0 283.7 536.3 31.4
1827.1 70.1 1713.0 43.9 820.0 236.8 583.2 19.1
1827.1 69.5 1715.1 42.4 820.0 181.2 638.8 17.7
1827.1 73.1 1712.6 41.4 820.0 128.3 691.7 20.8
1827.1 68.8 1714.0 44.2 820.0 76.5 743.5 17.9
1827.1 68.9 1714.6 43.5 820.0 15.8 804.2 17.8
