pid nice virt res shr status cpu mem
 68346 root 20 0 257204 37708 2852 R 44.4 2.0 0:00.79 bash
 68346 root 20 0 277928 58564 2852 R 44.4 3.1 0:01.25 bash
 68346 root 20 0 298916 79420 2852 R 47.1 4.2 0:01.73 bash
 68346 root 20 0 320300 100804 2852 R 41.2 5.4 0:02.19 bash
 68346 root 20 0 341948 122452 2852 R 38.9 6.5 0:02.66 bash
 68346 root 20 0 361484 141988 2852 R 44.4 7.6 0:03.14 bash
 68346 root 20 0 382868 163372 2852 R 55.6 8.7 0:03.64 bash
 68346 root 20 0 401216 181588 2852 R 53.3 9.7 0:04.10 bash
 68346 root 20 0 420224 200596 2852 R 44.4 10.7 0:04.58 bash
 68346 root 20 0 447944 228316 2852 R 50.0 12.2 0:05.04 bash
 68346 root 20 0 482396 262900 2852 R 53.3 14.1 0:05.50 bash
 68346 root 20 0 515132 295636 2852 R 50.0 15.8 0:05.97 bash
 68346 root 20 0 550772 331276 2852 R 44.4 17.7 0:06.43 bash
 68346 root 20 0 586016 366388 2852 R 50.0 19.6 0:06.89 bash
 68346 root 20 0 620864 401500 2852 R 50.0 21.5 0:07.36 bash
 68346 root 20 0 653468 433972 2852 R 50.0 23.2 0:07.82 bash
 68346 root 20 0 686204 466708 2852 R 50.0 24.9 0:08.28 bash
 68346 root 20 0 721316 501820 2852 R 38.9 26.8 0:08.75 bash
 68346 root 20 0 754712 535348 2852 R 44.4 28.6 0:09.21 bash
 68346 root 20 0 788504 569140 2852 R 50.0 30.4 0:09.68 bash
 68346 root 20 0 823616 603988 2852 R 50.0 32.3 0:10.14 bash
 68346 root 20 0 858596 639100 2852 R 50.0 34.2 0:10.60 bash
 68346 root 20 0 893048 673420 2852 R 53.3 36.0 0:11.06 bash
 68346 root 20 0 927500 708004 2852 R 43.8 37.8 0:11.52 bash
 68346 root 20 0 963536 743908 2852 R 41.2 39.8 0:11.98 bash
 68346 root 20 0 998120 778756 2852 R 50.0 41.6 0:12.45 bash
 68346 root 20 0 1091444 830708 720 R 20.0 44.4 0:13.77 bash
 68346 root 20 0 1173020 817736 720 R 16.7 43.7 0:14.90 bash
 68346 root 20 0 1223312 812544 720 R 22.7 43.4 0:15.57 bash
 68346 root 20 0 1254992 814072 720 R 31.2 43.5 0:16.05 bash
 68346 root 20 0 1294196 816132 720 R 36.8 43.6 0:16.58 bash
 68346 root 20 0 1326140 817368 720 R 37.5 43.7 0:17.03 bash
 68346 root 20 0 1365080 815464 720 R 38.9 43.6 0:17.55 bash
 68346 root 20 0 1399268 815768 720 R 35.3 43.6 0:18.00 bash


























