1 2 3 4 5
54234 (bash) 54235 (bash) 1 (systemd) 2 (kthreadd) 3 (rcu_gp) 
54235 (bash) 54234 (bash) 1 (systemd) 2 (kthreadd) 3 (rcu_gp) 
54234 (bash) 54235 (bash) 1 (systemd) 2 (kthreadd) 3 (rcu_gp) 
54234 (bash) 54235 (bash) 1 (systemd) 2 (kthreadd) 3 (rcu_gp) 
54235 (bash) 54234 (bash) 1 (systemd) 2 (kthreadd) 3 (rcu_gp) 
54234 (bash) 54235 (bash) 1 (systemd) 2 (kthreadd) 3 (rcu_gp) 
54235 (bash) 54234 (bash) 1 (systemd) 2 (kthreadd) 3 (rcu_gp) 
54234 (bash) 54235 (bash) 54213 (kworker/0:2-events) 1 (systemd) 2 (kthreadd) 
54235 (bash) 54234 (bash) 1 (systemd) 2 (kthreadd) 3 (rcu_gp) 
54234 (bash) 54235 (bash) 1 (systemd) 2 (kthreadd) 3 (rcu_gp) 
54234 (bash) 54235 (bash) 1 (systemd) 2 (kthreadd) 3 (rcu_gp) 
54234 (bash) 54235 (bash) 1 (systemd) 2 (kthreadd) 3 (rcu_gp) 
54235 (bash) 54234 (bash) 1 (systemd) 2 (kthreadd) 3 (rcu_gp) 
54234 (bash) 54235 (bash) 1 (systemd) 2 (kthreadd) 3 (rcu_gp) 
43 (kswapd0) 54234 (bash) 54235 (bash) 1 (systemd) 2 (kthreadd) 
43 (kswapd0) 54234 (bash) 54235 (bash) 1 (systemd) 2 (kthreadd) 
54235 (bash) 54234 (bash) 43 (kswapd0) 388 (kworker/0:1H-kblockd) 1 (systemd) 
54234 (bash) 54235 (bash) 43 (kswapd0) 1 (systemd) 2 (kthreadd) 
54235 (bash) 10 (rcu_sched) 54192 (kworker/0:1-events_power_ef+) 1 (systemd) 2 (kthreadd) 
54235 (bash) 1 (systemd) 2 (kthreadd) 3 (rcu_gp) 4 (rcu_par_gp) 
54235 (bash) 1 (systemd) 2 (kthreadd) 3 (rcu_gp) 4 (rcu_par_gp) 
54235 (bash) 1 (systemd) 2 (kthreadd) 3 (rcu_gp) 4 (rcu_par_gp) 
54235 (bash) 1 (systemd) 2 (kthreadd) 3 (rcu_gp) 4 (rcu_par_gp) 
54235 (bash) 1 (systemd) 2 (kthreadd) 3 (rcu_gp) 4 (rcu_par_gp) 
54235 (bash) 1 (systemd) 2 (kthreadd) 3 (rcu_gp) 4 (rcu_par_gp) 
54235 (bash) 54192 (kworker/0:1-events_power_ef+) 1 (systemd) 2 (kthreadd) 3 (rcu_gp) 
54235 (bash) 10 (rcu_sched) 1 (systemd) 2 (kthreadd) 3 (rcu_gp) 
54235 (bash) 1 (systemd) 2 (kthreadd) 3 (rcu_gp) 4 (rcu_par_gp) 
54235 (bash) 1 (systemd) 2 (kthreadd) 3 (rcu_gp) 4 (rcu_par_gp) 
54235 (bash) 1 (systemd) 2 (kthreadd) 3 (rcu_gp) 4 (rcu_par_gp) 
54235 (bash) 1 (systemd) 2 (kthreadd) 3 (rcu_gp) 4 (rcu_par_gp) 
54235 (bash) 43 (kswapd0) 388 (kworker/0:1H-kblockd) 1 (systemd) 2 (kthreadd) 
54235 (bash) 43 (kswapd0) 1 (systemd) 2 (kthreadd) 3 (rcu_gp) 
54235 (bash) 43 (kswapd0) 1 (systemd) 2 (kthreadd) 3 (rcu_gp) 
