1 2 3 4 5
64698 (bash) 55684 (kworker/u2:1-flush-253:0) 1 (systemd) 2 (kthreadd) 3 (rcu_gp) 
64698 (bash) 1 (systemd) 2 (kthreadd) 3 (rcu_gp) 4 (rcu_par_gp) 
64698 (bash) 1 (systemd) 2 (kthreadd) 3 (rcu_gp) 4 (rcu_par_gp) 
64698 (bash) 1 (systemd) 2 (kthreadd) 3 (rcu_gp) 4 (rcu_par_gp) 
64698 (bash) 1 (systemd) 2 (kthreadd) 3 (rcu_gp) 4 (rcu_par_gp) 
64698 (bash) 1 (systemd) 2 (kthreadd) 3 (rcu_gp) 4 (rcu_par_gp) 
64698 (bash) 64691 (kworker/0:0-events) 1 (systemd) 2 (kthreadd) 3 (rcu_gp) 
64698 (bash) 1 (systemd) 2 (kthreadd) 3 (rcu_gp) 4 (rcu_par_gp) 
64698 (bash) 1 (systemd) 2 (kthreadd) 3 (rcu_gp) 4 (rcu_par_gp) 
64698 (bash) 64691 (kworker/0:0-events) 1 (systemd) 2 (kthreadd) 3 (rcu_gp) 
64698 (bash) 65317 (top) 1 (systemd) 2 (kthreadd) 3 (rcu_gp) 
64698 (bash) 1 (systemd) 2 (kthreadd) 3 (rcu_gp) 4 (rcu_par_gp) 
64698 (bash) 1 (systemd) 2 (kthreadd) 3 (rcu_gp) 4 (rcu_par_gp) 
64698 (bash) 1 (systemd) 2 (kthreadd) 3 (rcu_gp) 4 (rcu_par_gp) 
64698 (bash) 1 (systemd) 2 (kthreadd) 3 (rcu_gp) 4 (rcu_par_gp) 
64698 (bash) 1 (systemd) 2 (kthreadd) 3 (rcu_gp) 4 (rcu_par_gp) 
64698 (bash) 1 (systemd) 2 (kthreadd) 3 (rcu_gp) 4 (rcu_par_gp) 
64698 (bash) 1 (systemd) 2 (kthreadd) 3 (rcu_gp) 4 (rcu_par_gp) 
64698 (bash) 1 (systemd) 2 (kthreadd) 3 (rcu_gp) 4 (rcu_par_gp) 
64698 (bash) 1 (systemd) 2 (kthreadd) 3 (rcu_gp) 4 (rcu_par_gp) 
64698 (bash) 1 (systemd) 2 (kthreadd) 3 (rcu_gp) 4 (rcu_par_gp) 
64698 (bash) 1 (systemd) 2 (kthreadd) 3 (rcu_gp) 4 (rcu_par_gp) 
64698 (bash) 1 (systemd) 2 (kthreadd) 3 (rcu_gp) 4 (rcu_par_gp) 
64698 (bash) 1 (systemd) 2 (kthreadd) 3 (rcu_gp) 4 (rcu_par_gp) 
64698 (bash) 1 (systemd) 2 (kthreadd) 3 (rcu_gp) 4 (rcu_par_gp) 
64698 (bash) 64691 (kworker/0:0-events) 1 (systemd) 2 (kthreadd) 3 (rcu_gp) 
64698 (bash) 1 (systemd) 2 (kthreadd) 3 (rcu_gp) 4 (rcu_par_gp) 
64698 (bash) 1 (systemd) 2 (kthreadd) 3 (rcu_gp) 4 (rcu_par_gp) 
64698 (bash) 66415 (top) 1 (systemd) 2 (kthreadd) 3 (rcu_gp) 
64698 (bash) 64691 (kworker/0:0-events_power_ef+) 1 (systemd) 2 (kthreadd) 3 (rcu_gp) 
64698 (bash) 1 (systemd) 2 (kthreadd) 3 (rcu_gp) 4 (rcu_par_gp) 
64698 (bash) 1 (systemd) 2 (kthreadd) 3 (rcu_gp) 4 (rcu_par_gp) 
64698 (bash) 1 (systemd) 2 (kthreadd) 3 (rcu_gp) 4 (rcu_par_gp) 
64698 (bash) 1 (systemd) 2 (kthreadd) 3 (rcu_gp) 4 (rcu_par_gp) 
64698 (bash) 1 (systemd) 2 (kthreadd) 3 (rcu_gp) 4 (rcu_par_gp) 
64698 (bash) 1 (systemd) 2 (kthreadd) 3 (rcu_gp) 4 (rcu_par_gp) 
64698 (bash) 1 (systemd) 2 (kthreadd) 3 (rcu_gp) 4 (rcu_par_gp) 
64698 (bash) 64691 (kworker/0:0-events) 1 (systemd) 2 (kthreadd) 3 (rcu_gp) 
64698 (bash) 1 (systemd) 2 (kthreadd) 3 (rcu_gp) 4 (rcu_par_gp) 
64698 (bash) 64679 (kworker/0:2-ata_sff) 1 (systemd) 2 (kthreadd) 3 (rcu_gp) 
64698 (bash) 1 (systemd) 2 (kthreadd) 3 (rcu_gp) 4 (rcu_par_gp) 
64698 (bash) 1 (systemd) 2 (kthreadd) 3 (rcu_gp) 4 (rcu_par_gp) 
64698 (bash) 1 (systemd) 2 (kthreadd) 3 (rcu_gp) 4 (rcu_par_gp) 
64698 (bash) 64691 (kworker/0:0-events_power_ef+) 1 (systemd) 2 (kthreadd) 3 (rcu_gp) 
64698 (bash) 1 (systemd) 2 (kthreadd) 3 (rcu_gp) 4 (rcu_par_gp) 
64698 (bash) 43 (kswapd0) 1 (systemd) 2 (kthreadd) 3 (rcu_gp) 
64698 (bash) 43 (kswapd0) 1 (systemd) 2 (kthreadd) 3 (rcu_gp) 
64698 (bash) 43 (kswapd0) 9 (ksoftirqd/0) 388 (kworker/0:1H-kblockd) 67574 (top) 
64698 (bash) 43 (kswapd0) 388 (kworker/0:1H-kblockd) 1 (systemd) 2 (kthreadd) 
64698 (bash) 43 (kswapd0) 1 (systemd) 2 (kthreadd) 3 (rcu_gp) 
64698 (bash) 43 (kswapd0) 1 (systemd) 2 (kthreadd) 3 (rcu_gp) 
64698 (bash) 43 (kswapd0) 9 (ksoftirqd/0) 1 (systemd) 2 (kthreadd) 
64698 (bash) 43 (kswapd0) 1 (systemd) 2 (kthreadd) 3 (rcu_gp) 
64698 (bash) 43 (kswapd0) 388 (kworker/0:1H-kblockd) 1 (systemd) 2 (kthreadd) 
64698 (bash) 43 (kswapd0) 9 (ksoftirqd/0) 1 (systemd) 2 (kthreadd) 
64698 (bash) 43 (kswapd0) 68062 (top) 1 (systemd) 2 (kthreadd) 
64698 (bash) 43 (kswapd0) 1 (systemd) 2 (kthreadd) 3 (rcu_gp) 
584 (systemd-journal) 388 (kworker/0:1H-kblockd) 1 (systemd) 2 (kthreadd) 3 (rcu_gp) 
